*** Using Compiler 'V5.06 update 5 (build 528)', folder: 'E:\IDE\Keil_MDK\ARM\ARMCC\Bin'
Rebuild target 'FreeRTOS'
assembling startup_stm32g431xx.s...
compiling croutine.c...
compiling event_groups.c...
compiling stream_buffer.c...
compiling list.c...
compiling queue.c...
compiling tasks.c...
compiling timers.c...
compiling heap_4.c...
compiling cmsis_os.c...
compiling port.c...
compiling gpio.c...
compiling stm32g4xx_hal_flash_ramfunc.c...
compiling stm32g4xx_hal_cortex.c...
compiling main.c...
compiling stm32g4xx_hal_pwr.c...
compiling stm32g4xx_hal_exti.c...
compiling stm32g4xx_hal_msp.c...
compiling stm32g4xx_hal_dma_ex.c...
compiling stm32g4xx_it.c...
compiling stm32g4xx_hal_flash_ex.c...
compiling usart.c...
compiling stm32g4xx_hal_gpio.c...
compiling system_stm32g4xx.c...
compiling stm32g4xx_hal_timebase_tim.c...
compiling stm32g4xx_hal_uart_ex.c...
compiling stm32g4xx_hal_pwr_ex.c...
compiling stm32g4xx_hal_rcc.c...
compiling stm32g4xx_hal_flash.c...
compiling stm32g4xx_hal.c...
compiling app_freertos.c...
compiling stm32g4xx_hal_dma.c...
compiling stm32g4xx_hal_rcc_ex.c...
compiling stm32g4xx_hal_tim_ex.c...
compiling stm32g4xx_hal_uart.c...
compiling stm32g4xx_hal_tim.c...
linking...
Program Size: Code=12652 RO-data=624 RW-data=128 ZI-data=4560  
FromELF: creating hex file...
"FreeRTOS\FreeRTOS.axf" - 0 Error(s), 0 Warning(s).
Build Time Elapsed:  00:00:03
