*** Using Compiler 'V6.7', folder: 'E:\IDE\Keil_MDK\ARM\ARMCLANG\Bin'
Rebuild target 'USART'
assembling startup_stm32g431xx.s...
compiling system_stm32g4xx.c...
compiling usart.c...
compiling stm32g4xx_hal_tim_ex.c...
compiling stm32g4xx_hal_msp.c...
compiling main.c...
compiling stm32g4xx_it.c...
compiling stm32g4xx_hal_tim.c...
compiling stm32g4xx_hal_pwr_ex.c...
compiling stm32g4xx_hal_flash_ramfunc.c...
compiling gpio.c...
compiling stm32g4xx_hal_dma_ex.c...
compiling stm32g4xx_hal_exti.c...
compiling stm32g4xx_hal_pwr.c...
compiling stm32g4xx_hal_rcc_ex.c...
compiling stm32g4xx_hal_gpio.c...
compiling stm32g4xx_hal_cortex.c...
compiling stm32g4xx_hal.c...
compiling stm32g4xx_hal_dma.c...
compiling stm32g4xx_hal_flash.c...
compiling stm32g4xx_hal_uart_ex.c...
compiling stm32g4xx_hal_flash_ex.c...
compiling stm32g4xx_hal_rcc.c...
compiling stm32g4xx_hal_uart.c...
linking...
Program Size: Code=10332 RO-data=568 RW-data=60 ZI-data=1780  
FromELF: creating hex file...
"USART\USART.axf" - 0 Error(s), 0 Warning(s).
Build Time Elapsed:  00:00:02
